{"/Users/hisashiqizhang/Desktop/18.10_todos/todo-nuxt3/store/todo.ts": {"path":"/Users/hisashiqizhang/Desktop/18.10_todos/todo-nuxt3/store/todo.ts","all":false,"statementMap":{"0":{"start":{"line":1,"column":0},"end":{"line":1,"column":36}},"1":{"start":{"line":2,"column":0},"end":{"line":2,"column":34}},"2":{"start":{"line":3,"column":0},"end":{"line":3,"column":23}},"3":{"start":{"line":4,"column":0},"end":{"line":4,"column":13}},"4":{"start":{"line":5,"column":0},"end":{"line":5,"column":16}},"5":{"start":{"line":6,"column":0},"end":{"line":6,"column":16}},"6":{"start":{"line":7,"column":0},"end":{"line":7,"column":18}},"7":{"start":{"line":8,"column":0},"end":{"line":8,"column":15}},"8":{"start":{"line":9,"column":0},"end":{"line":9,"column":1}},"9":{"start":{"line":10,"column":0},"end":{"line":10,"column":28}},"10":{"start":{"line":11,"column":0},"end":{"line":11,"column":30}},"11":{"start":{"line":12,"column":0},"end":{"line":12,"column":1}},"12":{"start":{"line":13,"column":0},"end":{"line":13,"column":29}},"13":{"start":{"line":14,"column":0},"end":{"line":14,"column":17}},"14":{"start":{"line":15,"column":0},"end":{"line":15,"column":17}},"15":{"start":{"line":16,"column":0},"end":{"line":16,"column":1}},"16":{"start":{"line":17,"column":0},"end":{"line":17,"column":33}},"17":{"start":{"line":18,"column":0},"end":{"line":18,"column":12}},"18":{"start":{"line":19,"column":0},"end":{"line":19,"column":3}},"19":{"start":{"line":20,"column":0},"end":{"line":20,"column":17}},"20":{"start":{"line":21,"column":0},"end":{"line":21,"column":50}},"21":{"start":{"line":22,"column":0},"end":{"line":22,"column":70}},"22":{"start":{"line":23,"column":0},"end":{"line":23,"column":4}},"23":{"start":{"line":24,"column":0},"end":{"line":24,"column":40}},"24":{"start":{"line":25,"column":0},"end":{"line":25,"column":26}},"25":{"start":{"line":26,"column":0},"end":{"line":26,"column":73}},"26":{"start":{"line":27,"column":0},"end":{"line":27,"column":6}},"27":{"start":{"line":28,"column":0},"end":{"line":28,"column":2}},"28":{"start":{"line":29,"column":0},"end":{"line":29,"column":17}},"29":{"start":{"line":30,"column":0},"end":{"line":30,"column":29}},"30":{"start":{"line":31,"column":0},"end":{"line":31,"column":24}},"31":{"start":{"line":32,"column":0},"end":{"line":32,"column":17}},"32":{"start":{"line":33,"column":0},"end":{"line":33,"column":21}},"33":{"start":{"line":34,"column":0},"end":{"line":34,"column":18}},"34":{"start":{"line":35,"column":0},"end":{"line":35,"column":28}},"35":{"start":{"line":36,"column":0},"end":{"line":36,"column":28}},"36":{"start":{"line":37,"column":0},"end":{"line":37,"column":6}},"37":{"start":{"line":38,"column":0},"end":{"line":38,"column":26}},"38":{"start":{"line":39,"column":0},"end":{"line":39,"column":4}},"39":{"start":{"line":40,"column":0},"end":{"line":40,"column":22}},"40":{"start":{"line":41,"column":0},"end":{"line":41,"column":61}},"41":{"start":{"line":42,"column":0},"end":{"line":42,"column":4}},"42":{"start":{"line":43,"column":0},"end":{"line":43,"column":42}},"43":{"start":{"line":44,"column":0},"end":{"line":44,"column":65}},"44":{"start":{"line":45,"column":0},"end":{"line":45,"column":25}},"45":{"start":{"line":46,"column":0},"end":{"line":46,"column":27}},"46":{"start":{"line":47,"column":0},"end":{"line":47,"column":16}},"47":{"start":{"line":48,"column":0},"end":{"line":48,"column":28}},"48":{"start":{"line":49,"column":0},"end":{"line":49,"column":6}},"49":{"start":{"line":50,"column":0},"end":{"line":50,"column":4}},"50":{"start":{"line":51,"column":0},"end":{"line":51,"column":2}},"51":{"start":{"line":52,"column":0},"end":{"line":52,"column":54}},"52":{"start":{"line":53,"column":0},"end":{"line":53,"column":8}},"53":{"start":{"line":54,"column":0},"end":{"line":54,"column":10}},"54":{"start":{"line":55,"column":0},"end":{"line":55,"column":10}},"55":{"start":{"line":56,"column":0},"end":{"line":56,"column":3}}},"s":{"0":1,"1":1,"2":1,"3":1,"4":1,"5":1,"6":1,"7":1,"8":1,"9":1,"10":1,"11":1,"12":1,"13":1,"14":1,"15":1,"16":1,"17":9,"18":9,"19":1,"20":1,"21":1,"22":1,"23":1,"24":1,"25":1,"26":1,"27":1,"28":1,"29":1,"30":5,"31":5,"32":5,"33":5,"34":5,"35":5,"36":5,"37":5,"38":5,"39":1,"40":1,"41":1,"42":1,"43":2,"44":2,"45":2,"46":2,"47":2,"48":2,"49":2,"50":2,"51":1,"52":1,"53":1,"54":1,"55":1},"branchMap":{"0":{"type":"branch","line":17,"loc":{"start":{"line":17,"column":14},"end":{"line":19,"column":3}},"locations":[{"start":{"line":17,"column":14},"end":{"line":19,"column":3}}]},"1":{"type":"branch","line":21,"loc":{"start":{"line":21,"column":12},"end":{"line":23,"column":4}},"locations":[{"start":{"line":21,"column":12},"end":{"line":23,"column":4}}]},"2":{"type":"branch","line":21,"loc":{"start":{"line":21,"column":34},"end":{"line":23,"column":4}},"locations":[{"start":{"line":21,"column":34},"end":{"line":23,"column":4}}]},"3":{"type":"branch","line":22,"loc":{"start":{"line":22,"column":29},"end":{"line":22,"column":70}},"locations":[{"start":{"line":22,"column":29},"end":{"line":22,"column":70}}]},"4":{"type":"branch","line":24,"loc":{"start":{"line":24,"column":20},"end":{"line":28,"column":2}},"locations":[{"start":{"line":24,"column":20},"end":{"line":28,"column":2}}]},"5":{"type":"branch","line":26,"loc":{"start":{"line":26,"column":7},"end":{"line":26,"column":73}},"locations":[{"start":{"line":26,"column":7},"end":{"line":26,"column":73}}]},"6":{"type":"branch","line":30,"loc":{"start":{"line":30,"column":2},"end":{"line":39,"column":4}},"locations":[{"start":{"line":30,"column":2},"end":{"line":39,"column":4}}]},"7":{"type":"branch","line":40,"loc":{"start":{"line":40,"column":2},"end":{"line":42,"column":4}},"locations":[{"start":{"line":40,"column":2},"end":{"line":42,"column":4}}]},"8":{"type":"branch","line":41,"loc":{"start":{"line":41,"column":36},"end":{"line":41,"column":61}},"locations":[{"start":{"line":41,"column":36},"end":{"line":41,"column":61}}]},"9":{"type":"branch","line":43,"loc":{"start":{"line":43,"column":2},"end":{"line":51,"column":2}},"locations":[{"start":{"line":43,"column":2},"end":{"line":51,"column":2}}]},"10":{"type":"branch","line":44,"loc":{"start":{"line":44,"column":40},"end":{"line":44,"column":65}},"locations":[{"start":{"line":44,"column":40},"end":{"line":44,"column":65}}]},"11":{"type":"branch","line":56,"loc":{"start":{"line":56,"column":1},"end":{"line":56,"column":3}},"locations":[{"start":{"line":56,"column":1},"end":{"line":56,"column":3}}]}},"b":{"0":[9],"1":[1],"2":[1],"3":[1],"4":[1],"5":[4],"6":[5],"7":[1],"8":[1],"9":[2],"10":[2],"11":[8]},"fnMap":{"0":{"name":"state","decl":{"start":{"line":17,"column":14},"end":{"line":19,"column":3}},"loc":{"start":{"line":17,"column":14},"end":{"line":19,"column":3}},"line":17},"1":{"name":"getById","decl":{"start":{"line":21,"column":12},"end":{"line":23,"column":4}},"loc":{"start":{"line":21,"column":12},"end":{"line":23,"column":4}},"line":21},"2":{"name":"getOrderedTodos","decl":{"start":{"line":24,"column":20},"end":{"line":28,"column":2}},"loc":{"start":{"line":24,"column":20},"end":{"line":28,"column":2}},"line":24},"3":{"name":"add","decl":{"start":{"line":30,"column":2},"end":{"line":39,"column":4}},"loc":{"start":{"line":30,"column":2},"end":{"line":39,"column":4}},"line":30},"4":{"name":"remove","decl":{"start":{"line":40,"column":2},"end":{"line":42,"column":4}},"loc":{"start":{"line":40,"column":2},"end":{"line":42,"column":4}},"line":40},"5":{"name":"update","decl":{"start":{"line":43,"column":2},"end":{"line":51,"column":2}},"loc":{"start":{"line":43,"column":2},"end":{"line":51,"column":2}},"line":43},"6":{"name":"get","decl":{"start":{"line":56,"column":1},"end":{"line":56,"column":3}},"loc":{"start":{"line":56,"column":1},"end":{"line":56,"column":3}},"line":56}},"f":{"0":9,"1":1,"2":1,"3":5,"4":1,"5":2,"6":8}}
}
